<?xml version="1.0" encoding="UTF-8"?>
<!-- Generated by org.testng.reporters.JUnitXMLReporter -->
<testsuite ignored="2" hostname="DELL" failures="0" tests="1" name="RegressionTests" time="0.057" errors="0" timestamp="2023-07-24T12:57:25 IST">
  <testcase classname="mytests.TestNgDemo2" name="testCase2" time="0.01"/>
  <testcase classname="mytests.TestNgDemo2" name="testCase1" time="0.0">
    <ignored/>
  </testcase> <!-- testCase1 -->
  <testcase classname="mytests.TestNgDemo2" name="testCase3" time="0.0">
    <ignored/>
  </testcase> <!-- testCase3 -->
</testsuite> <!-- RegressionTests -->
