<?xml version="1.0" encoding="UTF-8"?>
<testng-results ignored="2" total="3" passed="1" failed="0" skipped="0">
  <reporter-output>
  </reporter-output>
  <suite started-at="2023-07-24T12:57:25 IST" name="MyTestSuite" finished-at="2023-07-24T12:57:25 IST" duration-ms="57">
    <groups>
      <group name="Regression">
        <method signature="TestNgDemo2.testCase2()[pri:0, instance:mytests.TestNgDemo2@506ae4d4]" name="testCase2" class="mytests.TestNgDemo2"/>
      </group> <!-- Regression -->
    </groups>
    <test started-at="2023-07-24T12:57:25 IST" name="RegressionTests" finished-at="2023-07-24T12:57:25 IST" duration-ms="57">
      <class name="mytests.TestNgDemo2">
        <test-method signature="testCase2()[pri:0, instance:mytests.TestNgDemo2@506ae4d4]" started-at="2023-07-24T12:57:25 IST" name="testCase2" finished-at="2023-07-24T12:57:25 IST" duration-ms="10" status="PASS">
          <reporter-output>
          </reporter-output>
        </test-method> <!-- testCase2 -->
      </class> <!-- mytests.TestNgDemo2 -->
    </test> <!-- RegressionTests -->
  </suite> <!-- MyTestSuite -->
</testng-results>
